[0.092s] colcon DEBUG Command line arguments: ['/usr/bin/colcon', 'build', '--packages-select', 'uav_local_planner', '--symlink-install']
[0.093s] colcon DEBUG Parsed command line arguments: Namespace(log_base=None, log_level=None, verb_name='build', build_base='build', install_base='install', merge_install=False, symlink_install=True, test_result_base=None, continue_on_error=False, executor='parallel', parallel_workers=16, event_handlers=None, ignore_user_meta=False, metas=['./colcon.meta'], base_paths=['.'], packages_ignore=None, packages_ignore_regex=None, paths=None, packages_up_to=None, packages_up_to_regex=None, packages_above=None, packages_above_and_dependencies=None, packages_above_depth=None, packages_select_by_dep=None, packages_skip_by_dep=None, packages_skip_up_to=None, packages_select_build_failed=False, packages_skip_build_finished=False, packages_select_test_failures=False, packages_skip_test_passed=False, packages_select=['uav_local_planner'], packages_skip=None, packages_select_regex=None, packages_skip_regex=None, packages_start=None, packages_end=None, allow_overriding=[], cmake_args=None, cmake_target=None, cmake_target_skip_unavailable=False, cmake_clean_cache=False, cmake_clean_first=False, cmake_force_configure=False, ament_cmake_args=None, catkin_cmake_args=None, catkin_skip_building_tests=False, mixin_files=None, mixin=None, verb_parser=<colcon_mixin.mixin.mixin_argument.MixinArgumentDecorator object at 0x713498f70b80>, verb_extension=<colcon_core.verb.build.BuildVerb object at 0x7134990ea230>, main=<bound method BuildVerb.main of <colcon_core.verb.build.BuildVerb object at 0x7134990ea230>>, mixin_verb=('build',))
[0.254s] colcon.colcon_core.package_discovery Level 1 discover_packages(colcon_meta) check parameters
[0.254s] colcon.colcon_core.package_discovery Level 1 discover_packages(recursive) check parameters
[0.254s] colcon.colcon_core.package_discovery Level 1 discover_packages(ignore) check parameters
[0.254s] colcon.colcon_core.package_discovery Level 1 discover_packages(path) check parameters
[0.254s] colcon.colcon_core.package_discovery Level 1 discover_packages(colcon_meta) discover
[0.254s] colcon.colcon_core.package_discovery Level 1 discover_packages(recursive) discover
[0.254s] colcon.colcon_core.package_discovery INFO Crawling recursively for packages in '/home/shantam/irobot/px4_sim'
[0.254s] colcon.colcon_core.package_identification Level 1 _identify(.) by extensions ['ignore', 'ignore_ament_install']
[0.255s] colcon.colcon_core.package_identification Level 1 _identify(.) by extension 'ignore'
[0.255s] colcon.colcon_core.package_identification Level 1 _identify(.) by extension 'ignore_ament_install'
[0.255s] colcon.colcon_core.package_identification Level 1 _identify(.) by extensions ['colcon_pkg']
[0.255s] colcon.colcon_core.package_identification Level 1 _identify(.) by extension 'colcon_pkg'
[0.255s] colcon.colcon_core.package_identification Level 1 _identify(.) by extensions ['colcon_meta']
[0.255s] colcon.colcon_core.package_identification Level 1 _identify(.) by extension 'colcon_meta'
[0.255s] colcon.colcon_core.package_identification Level 1 _identify(.) by extensions ['ros']
[0.255s] colcon.colcon_core.package_identification Level 1 _identify(.) by extension 'ros'
[0.275s] colcon.colcon_core.package_identification Level 1 _identify(.) by extensions ['cmake', 'python']
[0.275s] colcon.colcon_core.package_identification Level 1 _identify(.) by extension 'cmake'
[0.275s] colcon.colcon_core.package_identification Level 1 _identify(.) by extension 'python'
[0.275s] colcon.colcon_core.package_identification Level 1 _identify(.) by extensions ['python_setup_py']
[0.275s] colcon.colcon_core.package_identification Level 1 _identify(.) by extension 'python_setup_py'
[0.276s] colcon.colcon_core.package_identification Level 1 _identify(build) by extensions ['ignore', 'ignore_ament_install']
[0.276s] colcon.colcon_core.package_identification Level 1 _identify(build) by extension 'ignore'
[0.276s] colcon.colcon_core.package_identification Level 1 _identify(build) ignored
[0.276s] colcon.colcon_core.package_identification Level 1 _identify(install) by extensions ['ignore', 'ignore_ament_install']
[0.276s] colcon.colcon_core.package_identification Level 1 _identify(install) by extension 'ignore'
[0.276s] colcon.colcon_core.package_identification Level 1 _identify(install) ignored
[0.276s] colcon.colcon_core.package_identification Level 1 _identify(log) by extensions ['ignore', 'ignore_ament_install']
[0.276s] colcon.colcon_core.package_identification Level 1 _identify(log) by extension 'ignore'
[0.276s] colcon.colcon_core.package_identification Level 1 _identify(log) ignored
[0.276s] colcon.colcon_core.package_identification Level 1 _identify(px4_files) by extensions ['ignore', 'ignore_ament_install']
[0.276s] colcon.colcon_core.package_identification Level 1 _identify(px4_files) by extension 'ignore'
[0.276s] colcon.colcon_core.package_identification Level 1 _identify(px4_files) by extension 'ignore_ament_install'
[0.276s] colcon.colcon_core.package_identification Level 1 _identify(px4_files) by extensions ['colcon_pkg']
[0.276s] colcon.colcon_core.package_identification Level 1 _identify(px4_files) by extension 'colcon_pkg'
[0.276s] colcon.colcon_core.package_identification Level 1 _identify(px4_files) by extensions ['colcon_meta']
[0.276s] colcon.colcon_core.package_identification Level 1 _identify(px4_files) by extension 'colcon_meta'
[0.276s] colcon.colcon_core.package_identification Level 1 _identify(px4_files) by extensions ['ros']
[0.276s] colcon.colcon_core.package_identification Level 1 _identify(px4_files) by extension 'ros'
[0.276s] colcon.colcon_core.package_identification Level 1 _identify(px4_files) by extensions ['cmake', 'python']
[0.276s] colcon.colcon_core.package_identification Level 1 _identify(px4_files) by extension 'cmake'
[0.276s] colcon.colcon_core.package_identification Level 1 _identify(px4_files) by extension 'python'
[0.276s] colcon.colcon_core.package_identification Level 1 _identify(px4_files) by extensions ['python_setup_py']
[0.276s] colcon.colcon_core.package_identification Level 1 _identify(px4_files) by extension 'python_setup_py'
[0.276s] colcon.colcon_core.package_identification Level 1 _identify(px4_files/f450) by extensions ['ignore', 'ignore_ament_install']
[0.276s] colcon.colcon_core.package_identification Level 1 _identify(px4_files/f450) by extension 'ignore'
[0.276s] colcon.colcon_core.package_identification Level 1 _identify(px4_files/f450) by extension 'ignore_ament_install'
[0.276s] colcon.colcon_core.package_identification Level 1 _identify(px4_files/f450) by extensions ['colcon_pkg']
[0.276s] colcon.colcon_core.package_identification Level 1 _identify(px4_files/f450) by extension 'colcon_pkg'
[0.276s] colcon.colcon_core.package_identification Level 1 _identify(px4_files/f450) by extensions ['colcon_meta']
[0.276s] colcon.colcon_core.package_identification Level 1 _identify(px4_files/f450) by extension 'colcon_meta'
[0.276s] colcon.colcon_core.package_identification Level 1 _identify(px4_files/f450) by extensions ['ros']
[0.276s] colcon.colcon_core.package_identification Level 1 _identify(px4_files/f450) by extension 'ros'
[0.277s] colcon.colcon_core.package_identification Level 1 _identify(px4_files/f450) by extensions ['cmake', 'python']
[0.277s] colcon.colcon_core.package_identification Level 1 _identify(px4_files/f450) by extension 'cmake'
[0.277s] colcon.colcon_core.package_identification Level 1 _identify(px4_files/f450) by extension 'python'
[0.277s] colcon.colcon_core.package_identification Level 1 _identify(px4_files/f450) by extensions ['python_setup_py']
[0.277s] colcon.colcon_core.package_identification Level 1 _identify(px4_files/f450) by extension 'python_setup_py'
[0.277s] colcon.colcon_core.package_identification Level 1 _identify(px4_files/f450_base) by extensions ['ignore', 'ignore_ament_install']
[0.277s] colcon.colcon_core.package_identification Level 1 _identify(px4_files/f450_base) by extension 'ignore'
[0.277s] colcon.colcon_core.package_identification Level 1 _identify(px4_files/f450_base) by extension 'ignore_ament_install'
[0.277s] colcon.colcon_core.package_identification Level 1 _identify(px4_files/f450_base) by extensions ['colcon_pkg']
[0.277s] colcon.colcon_core.package_identification Level 1 _identify(px4_files/f450_base) by extension 'colcon_pkg'
[0.277s] colcon.colcon_core.package_identification Level 1 _identify(px4_files/f450_base) by extensions ['colcon_meta']
[0.277s] colcon.colcon_core.package_identification Level 1 _identify(px4_files/f450_base) by extension 'colcon_meta'
[0.277s] colcon.colcon_core.package_identification Level 1 _identify(px4_files/f450_base) by extensions ['ros']
[0.277s] colcon.colcon_core.package_identification Level 1 _identify(px4_files/f450_base) by extension 'ros'
[0.277s] colcon.colcon_core.package_identification Level 1 _identify(px4_files/f450_base) by extensions ['cmake', 'python']
[0.277s] colcon.colcon_core.package_identification Level 1 _identify(px4_files/f450_base) by extension 'cmake'
[0.277s] colcon.colcon_core.package_identification Level 1 _identify(px4_files/f450_base) by extension 'python'
[0.277s] colcon.colcon_core.package_identification Level 1 _identify(px4_files/f450_base) by extensions ['python_setup_py']
[0.277s] colcon.colcon_core.package_identification Level 1 _identify(px4_files/f450_base) by extension 'python_setup_py'
[0.277s] colcon.colcon_core.package_identification Level 1 _identify(px4_files/f450_base/meshes) by extensions ['ignore', 'ignore_ament_install']
[0.277s] colcon.colcon_core.package_identification Level 1 _identify(px4_files/f450_base/meshes) by extension 'ignore'
[0.277s] colcon.colcon_core.package_identification Level 1 _identify(px4_files/f450_base/meshes) by extension 'ignore_ament_install'
[0.277s] colcon.colcon_core.package_identification Level 1 _identify(px4_files/f450_base/meshes) by extensions ['colcon_pkg']
[0.277s] colcon.colcon_core.package_identification Level 1 _identify(px4_files/f450_base/meshes) by extension 'colcon_pkg'
[0.277s] colcon.colcon_core.package_identification Level 1 _identify(px4_files/f450_base/meshes) by extensions ['colcon_meta']
[0.277s] colcon.colcon_core.package_identification Level 1 _identify(px4_files/f450_base/meshes) by extension 'colcon_meta'
[0.277s] colcon.colcon_core.package_identification Level 1 _identify(px4_files/f450_base/meshes) by extensions ['ros']
[0.277s] colcon.colcon_core.package_identification Level 1 _identify(px4_files/f450_base/meshes) by extension 'ros'
[0.277s] colcon.colcon_core.package_identification Level 1 _identify(px4_files/f450_base/meshes) by extensions ['cmake', 'python']
[0.277s] colcon.colcon_core.package_identification Level 1 _identify(px4_files/f450_base/meshes) by extension 'cmake'
[0.277s] colcon.colcon_core.package_identification Level 1 _identify(px4_files/f450_base/meshes) by extension 'python'
[0.277s] colcon.colcon_core.package_identification Level 1 _identify(px4_files/f450_base/meshes) by extensions ['python_setup_py']
[0.277s] colcon.colcon_core.package_identification Level 1 _identify(px4_files/f450_base/meshes) by extension 'python_setup_py'
[0.277s] colcon.colcon_core.package_identification Level 1 _identify(px4_teleop) by extensions ['ignore', 'ignore_ament_install']
[0.278s] colcon.colcon_core.package_identification Level 1 _identify(px4_teleop) by extension 'ignore'
[0.278s] colcon.colcon_core.package_identification Level 1 _identify(px4_teleop) by extension 'ignore_ament_install'
[0.278s] colcon.colcon_core.package_identification Level 1 _identify(px4_teleop) by extensions ['colcon_pkg']
[0.278s] colcon.colcon_core.package_identification Level 1 _identify(px4_teleop) by extension 'colcon_pkg'
[0.278s] colcon.colcon_core.package_identification Level 1 _identify(px4_teleop) by extensions ['colcon_meta']
[0.278s] colcon.colcon_core.package_identification Level 1 _identify(px4_teleop) by extension 'colcon_meta'
[0.278s] colcon.colcon_core.package_identification Level 1 _identify(px4_teleop) by extensions ['ros']
[0.278s] colcon.colcon_core.package_identification Level 1 _identify(px4_teleop) by extension 'ros'
[0.278s] colcon.colcon_core.package_identification Level 1 _identify(px4_teleop) by extensions ['cmake', 'python']
[0.278s] colcon.colcon_core.package_identification Level 1 _identify(px4_teleop) by extension 'cmake'
[0.278s] colcon.colcon_core.package_identification Level 1 _identify(px4_teleop) by extension 'python'
[0.278s] colcon.colcon_core.package_identification Level 1 _identify(px4_teleop) by extensions ['python_setup_py']
[0.278s] colcon.colcon_core.package_identification Level 1 _identify(px4_teleop) by extension 'python_setup_py'
[0.278s] colcon.colcon_core.package_discovery Level 1 discover_packages(recursive) using defaults
[0.278s] colcon.colcon_core.package_discovery Level 1 discover_packages(ignore) discover
[0.278s] colcon.colcon_core.package_discovery Level 1 discover_packages(ignore) using defaults
[0.278s] colcon.colcon_core.package_discovery Level 1 discover_packages(path) discover
[0.278s] colcon.colcon_core.package_discovery Level 1 discover_packages(path) using defaults
[0.278s] colcon.colcon_core.package_selection WARNING ignoring unknown package 'uav_local_planner' in --packages-select
[0.288s] colcon.colcon_core.package_discovery Level 1 discover_packages(prefix_path) check parameters
[0.288s] colcon.colcon_core.package_discovery Level 1 discover_packages(prefix_path) discover
[0.290s] colcon.colcon_installed_package_information.package_discovery DEBUG Found 2 installed packages in /home/shantam/irobot/px4_ros2_ws/install
[0.291s] colcon.colcon_installed_package_information.package_discovery DEBUG Found 12 installed packages in /home/shantam/om_ws/install
[0.292s] colcon.colcon_installed_package_information.package_discovery DEBUG Found 465 installed packages in /opt/ros/humble
[0.295s] colcon.colcon_core.package_discovery Level 1 discover_packages(prefix_path) using defaults
[0.333s] colcon.colcon_core.executor INFO Executing jobs using 'parallel' executor
[0.334s] colcon.colcon_parallel_executor.executor.parallel DEBUG run_until_complete
[0.334s] colcon.colcon_parallel_executor.executor.parallel DEBUG closing loop
[0.335s] colcon.colcon_parallel_executor.executor.parallel DEBUG loop closed
[0.335s] colcon.colcon_parallel_executor.executor.parallel DEBUG run_until_complete finished with '0'
[0.335s] colcon.colcon_core.event_reactor DEBUG joining thread
[0.338s] colcon.colcon_core.plugin_system INFO Skipping extension 'colcon_notification.desktop_notification.terminal_notifier': Not used on non-Darwin systems
[0.338s] colcon.colcon_core.plugin_system INFO Skipping extension 'colcon_notification.desktop_notification.win32': Not used on non-Windows systems
[0.338s] colcon.colcon_notification.desktop_notification INFO Sending desktop notification using 'notify2'
[0.353s] colcon.colcon_core.event_reactor DEBUG joined thread
[0.355s] colcon.colcon_core.plugin_system INFO Skipping extension 'colcon_core.shell.bat': Not used on non-Windows systems
[0.355s] colcon.colcon_core.shell INFO Creating prefix script '/home/shantam/irobot/px4_sim/install/local_setup.ps1'
[0.356s] colcon.colcon_core.shell INFO Creating prefix util module '/home/shantam/irobot/px4_sim/install/_local_setup_util_ps1.py'
[0.356s] colcon.colcon_core.shell INFO Creating prefix chain script '/home/shantam/irobot/px4_sim/install/setup.ps1'
[0.357s] colcon.colcon_core.shell INFO Creating prefix script '/home/shantam/irobot/px4_sim/install/local_setup.sh'
[0.358s] colcon.colcon_core.shell INFO Creating prefix util module '/home/shantam/irobot/px4_sim/install/_local_setup_util_sh.py'
[0.358s] colcon.colcon_core.shell INFO Creating prefix chain script '/home/shantam/irobot/px4_sim/install/setup.sh'
[0.359s] colcon.colcon_core.shell INFO Creating prefix script '/home/shantam/irobot/px4_sim/install/local_setup.bash'
[0.359s] colcon.colcon_core.shell INFO Creating prefix chain script '/home/shantam/irobot/px4_sim/install/setup.bash'
[0.360s] colcon.colcon_core.shell INFO Creating prefix script '/home/shantam/irobot/px4_sim/install/local_setup.zsh'
[0.360s] colcon.colcon_core.shell INFO Creating prefix chain script '/home/shantam/irobot/px4_sim/install/setup.zsh'
